Skipped 1 suggested fixes.
If you wish to apply the suggested (unsafe) fixes, use the command biome check --fix --unsafe

Checked 13 files in 13ms. No fixes applied.
Found 12 errors.
src/router.gen.ts:3:8 lint/style/useImportType  FIXABLE  ━━━━━━━━━━━━━━━━━━━━━━━━━━━━━━━━━━━━━━━━━━━

  × All these imports are only used as types.
  
    1 │ /* eslint-disable */
    2 │ // This file is auto-generated by @granite-js/react-native. DO NOT EDIT.
  > 3 │ import { Route as _CaptureRoute } from '../pages/capture';
      │        ^^^^^^^^^^^^^^^^^^^^^^^^^^^^^^^^^^^^^^^^^^^^^^^^^^
    4 │ import { Route as _CompareRoute } from '../pages/compare';
    5 │ import { Route as _IndexRoute } from '../pages/';
  
  i Importing the types with import type ensures that they are removed by the compilers and avoids loading unnecessary modules.
  
  i Safe fix: Use import type.
  
    3 │ import·type·{·Route·as·_CaptureRoute·}·from·'../pages/capture';
      │        +++++                                                   

src/router.gen.ts:4:8 lint/style/useImportType  FIXABLE  ━━━━━━━━━━━━━━━━━━━━━━━━━━━━━━━━━━━━━━━━━━━

  × All these imports are only used as types.
  
    2 │ // This file is auto-generated by @granite-js/react-native. DO NOT EDIT.
    3 │ import { Route as _CaptureRoute } from '../pages/capture';
  > 4 │ import { Route as _CompareRoute } from '../pages/compare';
      │        ^^^^^^^^^^^^^^^^^^^^^^^^^^^^^^^^^^^^^^^^^^^^^^^^^^
    5 │ import { Route as _IndexRoute } from '../pages/';
    6 │ import { Route as _TimelineRoute } from '../pages/timeline';
  
  i Importing the types with import type ensures that they are removed by the compilers and avoids loading unnecessary modules.
  
  i Safe fix: Use import type.
  
    4 │ import·type·{·Route·as·_CompareRoute·}·from·'../pages/compare';
      │        +++++                                                   

src/router.gen.ts:5:8 lint/style/useImportType  FIXABLE  ━━━━━━━━━━━━━━━━━━━━━━━━━━━━━━━━━━━━━━━━━━━

  × All these imports are only used as types.
  
    3 │ import { Route as _CaptureRoute } from '../pages/capture';
    4 │ import { Route as _CompareRoute } from '../pages/compare';
  > 5 │ import { Route as _IndexRoute } from '../pages/';
      │        ^^^^^^^^^^^^^^^^^^^^^^^^^^^^^^^^^^^^^^^^^
    6 │ import { Route as _TimelineRoute } from '../pages/timeline';
    7 │ 
  
  i Importing the types with import type ensures that they are removed by the compilers and avoids loading unnecessary modules.
  
  i Safe fix: Use import type.
  
    5 │ import·type·{·Route·as·_IndexRoute·}·from·'../pages/';
      │        +++++                                          

src/router.gen.ts:6:8 lint/style/useImportType  FIXABLE  ━━━━━━━━━━━━━━━━━━━━━━━━━━━━━━━━━━━━━━━━━━━

  × All these imports are only used as types.
  
    4 │ import { Route as _CompareRoute } from '../pages/compare';
    5 │ import { Route as _IndexRoute } from '../pages/';
  > 6 │ import { Route as _TimelineRoute } from '../pages/timeline';
      │        ^^^^^^^^^^^^^^^^^^^^^^^^^^^^^^^^^^^^^^^^^^^^^^^^^^^^
    7 │ 
    8 │ declare module '@granite-js/react-native' {
  
  i Importing the types with import type ensures that they are removed by the compilers and avoids loading unnecessary modules.
  
  i Safe fix: Use import type.
  
    6 │ import·type·{·Route·as·_TimelineRoute·}·from·'../pages/timeline';
      │        +++++                                                     

src/router.gen.ts organizeImports ━━━━━━━━━━━━━━━━━━━━━━━━━━━━━━━━━━━━━━━━━━━━━━━━━━━━━━━━━━━━━━━━━━

  × Import statements could be sorted:
  
        1 │ + import·{·Route·as·_IndexRoute·}·from·'../pages/';
     1  2 │   /* eslint-disable */
     2  3 │   // This file is auto-generated by @granite-js/react-native. DO NOT EDIT.
     3  4 │   import { Route as _CaptureRoute } from '../pages/capture';
     4    │ - import·{·Route·as·_CompareRoute·}·from·'../pages/compare';
     5    │ - import·{·Route·as·_IndexRoute·}·from·'../pages/';
        5 │ + import·{·Route·as·_CompareRoute·}·from·'../pages/compare';
     6  6 │   import { Route as _TimelineRoute } from '../pages/timeline';
     7  7 │   
  

src/content/copy.ts format ━━━━━━━━━━━━━━━━━━━━━━━━━━━━━━━━━━━━━━━━━━━━━━━━━━━━━━━━━━━━━━━━━━━━━━━━━

  × Formatter would have printed the following content:
  
     33  33 │     deleteSlotConfirmTitle: (plantName: string) =>
     34  34 │       `${plantName} 슬롯을 비울까요?`,
     35     │ - ··deleteSlotConfirmBody:
     36     │ - ····'식물·이름과·사진·기록이·삭제되고·슬롯은·비워져요.',
         35 │ + ··deleteSlotConfirmBody:·'식물·이름과·사진·기록이·삭제되고·슬롯은·비워져요.',
     37  36 │     deleteSlotDone: (plantName: string) => `${plantName} 슬롯을 비웠어요.`,
     38  37 │     deleteSlotNotFound: '식물을 찾지 못했어요. 다시 선택해주세요.',
  

src/plants/store.slot.test.js format ━━━━━━━━━━━━━━━━━━━━━━━━━━━━━━━━━━━━━━━━━━━━━━━━━━━━━━━━━━━━━━━

  × Formatter would have printed the following content:
  
      3   3 │   jest.mock('@apps-in-toss/native-modules', () => ({
      4   4 │     Storage: {
      5     │ - ····getItem:·jest.fn(async·(key)·=>·(mockStorageMap.has(key)·?·mockStorageMap.get(key)·:·null)),
          5 │ + ····getItem:·jest.fn(async·(key)·=>
          6 │ + ······mockStorageMap.has(key)·?·mockStorageMap.get(key)·:·null,
          7 │ + ····),
      6   8 │       setItem: jest.fn(async (key, value) => {
      7   9 │         mockStorageMap.set(key, value);
  

src/ads/pacing.test.js format ━━━━━━━━━━━━━━━━━━━━━━━━━━━━━━━━━━━━━━━━━━━━━━━━━━━━━━━━━━━━━━━━━━━━━━

  × Formatter would have printed the following content:
  
     3  3 │   jest.mock('@apps-in-toss/native-modules', () => ({
     4  4 │     Storage: {
     5    │ - ····getItem:·jest.fn(async·(key)·=>·(mockStorageMap.has(key)·?·mockStorageMap.get(key)·:·null)),
        5 │ + ····getItem:·jest.fn(async·(key)·=>
        6 │ + ······mockStorageMap.has(key)·?·mockStorageMap.get(key)·:·null,
        7 │ + ····),
     6  8 │       setItem: jest.fn(async (key, value) => {
     7  9 │         mockStorageMap.set(key, value);
    ····· │ 
    21 23 │   
    22 24 │     it('tracks ad exposure per slot independently on the same day', async () => {
    23    │ - ····const·{
    24    │ - ······markRewardedAdShownForSlot,
    25    │ - ······shouldShowRewardedAdForSlot,
    26    │ - ····}·=·loadPacingModule();
       25 │ + ····const·{·markRewardedAdShownForSlot,·shouldShowRewardedAdForSlot·}·=
       26 │ + ······loadPacingModule();
    27 27 │   
    28 28 │       expect(await shouldShowRewardedAdForSlot('slot-1', '2026-2-4')).toBe(true);
    ····· │ 
    36 36 │   
    37 37 │     it('resets exposure availability on the next day', async () => {
    38    │ - ····const·{
    39    │ - ······markRewardedAdShownForSlot,
    40    │ - ······shouldShowRewardedAdForSlot,
    41    │ - ····}·=·loadPacingModule();
       38 │ + ····const·{·markRewardedAdShownForSlot,·shouldShowRewardedAdForSlot·}·=
       39 │ + ······loadPacingModule();
    42 40 │   
    43 41 │       await markRewardedAdShownForSlot('slot-1', '2026-2-4');
  

src/pages/compare.tsx format ━━━━━━━━━━━━━━━━━━━━━━━━━━━━━━━━━━━━━━━━━━━━━━━━━━━━━━━━━━━━━━━━━━━━━━━

  × Formatter would have printed the following content:
  
      2   2 │   import { Button, List, ListRow, Text, colors } from '@toss/tds-react-native';
      3   3 │   import React from 'react';
      4     │ - import·{·Image,·SafeAreaView,·ScrollView,·StyleSheet,·View·}·from·'react-native';
          4 │ + import·{
          5 │ + ··Image,
          6 │ + ··SafeAreaView,
          7 │ + ··ScrollView,
          8 │ + ··StyleSheet,
          9 │ + ··View,
         10 │ + }·from·'react-native';
      5  11 │   import { CompareSlider } from '../components/CompareSlider';
      6  12 │   import { compareCopy } from '../content/copy';
    ······· │ 
    202 208 │               <Image
    203 209 │                 source={{
    204     │ - ················uri:·toDisplayImageUri(latestPhoto.dataUri,·latestPhoto.mimeType),
        210 │ + ················uri:·toDisplayImageUri(
        211 │ + ··················latestPhoto.dataUri,
        212 │ + ··················latestPhoto.mimeType,
        213 │ + ················),
    205 214 │                 }}
    206 215 │                 style={styles.previewImage}
    ······· │ 
    320 329 │                       afterDataUri={latestPhoto.dataUri}
    321 330 │                       afterMimeType={latestPhoto.mimeType}
    322     │ - ····················beforeLabel={reportPayload.comparisonLabel·??·comparisonLabel}
        331 │ + ····················beforeLabel={
        332 │ + ······················reportPayload.comparisonLabel·??·comparisonLabel
        333 │ + ····················}
    323 334 │                       afterLabel={latestCaptureLabel}
    324 335 │                       height={240}
    ······· │ 
    361 372 │                           type="2RowTypeA"
    362 373 │                           top="한 줄 해석"
    363     │ - ························bottom={compareCopy.scoreInsight(reportPayload.changeScore)}
        374 │ + ························bottom={compareCopy.scoreInsight(
        375 │ + ··························reportPayload.changeScore,
        376 │ + ························)}
    364 377 │                         />
    365 378 │                       }
    ······· │ 
    412 425 │             <List style={styles.panel} rowSeparator="none">
    413 426 │               <ListRow
    414     │ - ··············contents={
    415     │ - ················<ListRow.Texts
    416     │ - ··················type="1RowTypeA"
    417     │ - ··················top={statusMessage}
    418     │ - ················/>
    419     │ - ··············}
        427 │ + ··············contents={<ListRow.Texts·type="1RowTypeA"·top={statusMessage}·/>}
    420 428 │               />
    421 429 │             </List>
  

src/pages/index.tsx format ━━━━━━━━━━━━━━━━━━━━━━━━━━━━━━━━━━━━━━━━━━━━━━━━━━━━━━━━━━━━━━━━━━━━━━━━━

  × Formatter would have printed the following content:
  
     12  12 │   } from '@toss/tds-react-native';
     13  13 │   import React from 'react';
     14     │ - import·{·Image,·SafeAreaView,·ScrollView,·StyleSheet,·View·}·from·'react-native';
         14 │ + import·{
         15 │ + ··Image,
         16 │ + ··SafeAreaView,
         17 │ + ··ScrollView,
         18 │ + ··StyleSheet,
         19 │ + ··View,
         20 │ + }·from·'react-native';
     15  21 │   import { homeCopy } from '../content/copy';
     16  22 │   import { usePlantGrowth } from '../hooks/usePlantGrowth';
    ······· │ 
    335 341 │           open={isManageSheetOpen}
    336 342 │           onClose={() => setIsManageSheetOpen(false)}
    337     │ - ········header={<BottomSheet.Header>{homeCopy.manageSheetTitle}</BottomSheet.Header>}
        343 │ + ········header={
        344 │ + ··········<BottomSheet.Header>{homeCopy.manageSheetTitle}</BottomSheet.Header>
        345 │ + ········}
    338 346 │           headerDescription={
    339 347 │             <BottomSheet.HeaderDescription>
    ······· │ 
    352 360 │                   <ListRow.Texts
    353 361 │                     type="2RowTypeA"
    354     │ - ··················top={homeCopy.manageSlotLabel(plants.length,·unlockedPlantSlots)}
        362 │ + ··················top={homeCopy.manageSlotLabel(
        363 │ + ····················plants.length,
        364 │ + ····················unlockedPlantSlots,
        365 │ + ··················)}
    355 366 │                     bottom={homeCopy.slotDescription}
    356 367 │                   />
    ······· │ 
    376 387 │                 <ListRow
    377 388 │                   contents={
    378     │ - ··················<ListRow.Texts
    379     │ - ····················type="1RowTypeA"
    380     │ - ····················top={plantNameStatus}
    381     │ - ··················/>
        389 │ + ··················<ListRow.Texts·type="1RowTypeA"·top={plantNameStatus}·/>
    382 390 │                   }
    383 391 │                 />
    ······· │ 
    388 396 │               <List style={styles.panel} rowSeparator="none">
    389 397 │                 <ListRow
    390     │ - ················contents={
    391     │ - ··················<ListRow.Texts
    392     │ - ····················type="1RowTypeA"
    393     │ - ····················top={unlockStatus}
    394     │ - ··················/>
    395     │ - ················}
        398 │ + ················contents={<ListRow.Texts·type="1RowTypeA"·top={unlockStatus}·/>}
    396 399 │                 />
    397 400 │               </List>
  

src/pages/capture.tsx format ━━━━━━━━━━━━━━━━━━━━━━━━━━━━━━━━━━━━━━━━━━━━━━━━━━━━━━━━━━━━━━━━━━━━━━━

  × Formatter would have printed the following content:
  
    120 120 │     const pageSubtitle = isBaselineMode
    121 121 │       ? captureCopy.baselineSubtitle
    122     │ - ····:·captureCopy.dailySubtitle(targetPlant?.name·??·activePlant?.name·??·'식물');
        122 │ + ····:·captureCopy.dailySubtitle(
        123 │ + ········targetPlant?.name·??·activePlant?.name·??·'식물',
        124 │ + ······);
    123 125 │     const targetBannerTitle = isBaselineMode
    124 126 │       ? captureCopy.targetBannerNewTitle
    ······· │ 
    397 399 │                 if (context != null) {
    398 400 │                   didMarkAdShownRef.current = true;
    399     │ - ················void·markRewardedAdShownForSlot(context.slotKey,·context.dateKey);
        401 │ + ················void·markRewardedAdShownForSlot(
        402 │ + ··················context.slotKey,
        403 │ + ··················context.dateKey,
        404 │ + ················);
    400 405 │                 }
    401 406 │               }
    ······· │ 
    417 422 │         },
    418 423 │       });
    419     │ - ··},·[goToCompare,·isAdLoaded,·isAdProcessing,·isAdSupported,·preloadCaptureAd]);
        424 │ + ··},·[
        425 │ + ····goToCompare,
        426 │ + ····isAdLoaded,
        427 │ + ····isAdProcessing,
        428 │ + ····isAdSupported,
        429 │ + ····preloadCaptureAd,
        430 │ + ··]);
    420 431 │   
    421 432 │     const capturePhoto = async () => {
    ······· │ 
    614 625 │             <List style={styles.panel} rowSeparator="none">
    615 626 │               <ListRow
    616     │ - ··············contents={
    617     │ - ················<ListRow.Texts
    618     │ - ··················type="1RowTypeA"
    619     │ - ··················top={statusMessage}
    620     │ - ················/>
    621     │ - ··············}
        627 │ + ··············contents={<ListRow.Texts·type="1RowTypeA"·top={statusMessage}·/>}
    622 628 │               />
    623 629 │             </List>
  

src/plants/store.ts format ━━━━━━━━━━━━━━━━━━━━━━━━━━━━━━━━━━━━━━━━━━━━━━━━━━━━━━━━━━━━━━━━━━━━━━━━━

  × Formatter would have printed the following content:
  
    211 211 │     unlockedPlantSlots: number,
    212 212 │   ) {
    213     │ - ··const·normalizedUnlockedSlots·=·Math.max(1,·unlockedPlantSlots,·plants.length);
        213 │ + ··const·normalizedUnlockedSlots·=·Math.max(
        214 │ + ····1,
        215 │ + ····unlockedPlantSlots,
        216 │ + ····plants.length,
        217 │ + ··);
    214 218 │   
    215 219 │     return {
    ······· │ 
    240 244 │   
    241 245 │       if (resolvedSlotNumber == null) {
    242     │ - ······for·(let·slotNumber·=·1;·slotNumber·<=·normalizedUnlockedSlots;·slotNumber·+=·1)·{
        246 │ + ······for·(
        247 │ + ········let·slotNumber·=·1;
        248 │ + ········slotNumber·<=·normalizedUnlockedSlots;
        249 │ + ········slotNumber·+=·1
        250 │ + ······)·{
    243 251 │           if (!occupied.has(slotNumber)) {
    244 252 │             resolvedSlotNumber = slotNumber;
    ······· │ 
    269 277 │       activePlantId: activePlantExists
    270 278 │         ? state.activePlantId
    271     │ - ······:·normalizedPlants[0]?.id·??·null,
        279 │ + ······:·(normalizedPlants[0]?.id·??·null),
    272 280 │       unlockedPlantSlots: normalizedUnlockedSlots,
    273 281 │       reportState: cloneReportState(state.reportState),
    ······· │ 
    779 787 │       const nextActivePlantId =
    780 788 │         current.activePlantId === normalizedPlantId
    781     │ - ········?·remainingPlants[0]?.id·??·null
        789 │ + ········?·(remainingPlants[0]?.id·??·null)
    782 790 │           : current.activePlantId;
    783 791 │   
    ······· │ 
    808 816 │     const occupied = new Set(state.plants.map((plant) => plant.slotKey));
    809 817 │   
    810     │ - ··for·(let·slotNumber·=·1;·slotNumber·<=·state.unlockedPlantSlots;·slotNumber·+=·1)·{
        818 │ + ··for·(
        819 │ + ····let·slotNumber·=·1;
        820 │ + ····slotNumber·<=·state.unlockedPlantSlots;
        821 │ + ····slotNumber·+=·1
        822 │ + ··)·{
    811 823 │       const slotKey = buildSlotKey(slotNumber);
    812 824 │   
    ······· │ 
    889 901 │     }
    890 902 │   
    891     │ - ··const·targetPlant·=·stateCache.plants.find((plant)·=>·plant.id·===·targetPlantId);
        903 │ + ··const·targetPlant·=·stateCache.plants.find(
        904 │ + ····(plant)·=>·plant.id·===·targetPlantId,
        905 │ + ··);
    892 906 │   
    893 907 │     if (targetPlant == null) {
  

check ━━━━━━━━━━━━━━━━━━━━━━━━━━━━━━━━━━━━━━━━━━━━━━━━━━━━━━━━━━━━━━━━━━━━━━━━━━━━━━━━━━━━━━━━━━━━━━

  × Some errors were emitted while running checks.
  

